This is LuaHBTeX, Version 1.14.0 (MiKTeX 22.1) (format=lualatex 2024.12.5)  7 FEB 2025 12:07
 system commands enabled.
**projektdokumentation.tex
(./projektdokumentation.tex
LaTeX2e <2023-11-01> patch level 1
L3 programming layer <2024-03-14>
Lua module: luaotfload 2024-02-14 3.28 Lua based OpenType font support
Lua module: lualibs 2023-07-13 2.76 ConTeXt Lua standard libraries.
Lua module: lualibs-extended 2023-07-13 2.76 ConTeXt Lua libraries -- extended c
ollection.
luaotfload | conf : Root cache directory is "/Users/steffenspatzek/Library/Appli
cation Support/MiKTeX/texmfs/data/luatex-cache/generic/names".
luaotfload | init : Loading fontloader "fontloader-2023-12-28.lua" from kpse-res
olved path "/Library/Application Support/MiKTeX/texmfs/install/tex/luatex/luaotf
load/fontloader-2023-12-28.lua".
Lua-only attribute luaotfload@noligature = 1
luaotfload | init : Context OpenType loader version 3.134
Inserting `luaotfload.node_processor' in `pre_linebreak_filter'.
Inserting `luaotfload.node_processor' in `hpack_filter'.
Inserting `luaotfload.glyph_stream' in `glyph_stream_provider'.
Inserting `luaotfload.define_font' in `define_font'.
Lua-only attribute luaotfload_color_attribute = 2
luaotfload | conf : Root cache directory is "/Users/steffenspatzek/Library/Appli
cation Support/MiKTeX/texmfs/data/luatex-cache/generic/names".
Inserting `luaotfload.harf.strip_prefix' in `find_opentype_file'.
Inserting `luaotfload.harf.strip_prefix' in `find_truetype_file'.
Removing  `luaotfload.glyph_stream' from `glyph_stream_provider'.
Inserting `luaotfload.harf.glyphstream' in `glyph_stream_provider'.
Inserting `luaotfload.harf.finalize_vlist' in `post_linebreak_filter'.
Inserting `luaotfload.harf.finalize_hlist' in `hpack_filter'.
Inserting `luaotfload.cleanup_files' in `wrapup_run'.
Inserting `luaotfload.harf.finalize_unicode' in `finish_pdffile'.
Inserting `luaotfload.glyphinfo' in `glyph_info'.
Lua-only attribute luaotfload.letterspace_done = 3
Inserting `luaotfload.aux.set_sscale_dimens' in `luaotfload.patch_font'.
Inserting `luaotfload.aux.set_font_index' in `luaotfload.patch_font'.
Inserting `luaotfload.aux.patch_cambria_domh' in `luaotfload.patch_font'.
Inserting `luaotfload.aux.fixup_fontdata' in `luaotfload.patch_font_unsafe'.
Inserting `luaotfload.aux.set_capheight' in `luaotfload.patch_font'.
Inserting `luaotfload.aux.set_xheight' in `luaotfload.patch_font'.
Inserting `luaotfload.rewrite_fontname' in `luaotfload.patch_font'.
Inserting `tracingstacklevels' in `input_level_string'.
("/Library/Application Support/MiKTeX/texmfs/install/tex/latex/koma-script/scrb
ook.cls"
Document Class: scrbook 2023/07/07 v3.41 KOMA-Script document class (book)

("/Library/Application Support/MiKTeX/texmfs/install/tex/latex/koma-script/scrk
base.sty"
Package: scrkbase 2023/07/07 v3.41 KOMA-Script package (KOMA-Script-dependent b
asics and keyval usage)

("/Library/Application Support/MiKTeX/texmfs/install/tex/latex/koma-script/scrb
ase.sty"
Package: scrbase 2023/07/07 v3.41 KOMA-Script package (KOMA-Script-independent 
basics and keyval usage)

("/Library/Application Support/MiKTeX/texmfs/install/tex/latex/koma-script/scrl
file.sty"
Package: scrlfile 2023/07/07 v3.41 KOMA-Script package (file load hooks)

("/Library/Application Support/MiKTeX/texmfs/install/tex/latex/koma-script/scrl
file-hook.sty"
Package: scrlfile-hook 2023/07/07 v3.41 KOMA-Script package (using LaTeX hooks)


("/Library/Application Support/MiKTeX/texmfs/install/tex/latex/koma-script/scrl
ogo.sty"
Package: scrlogo 2023/07/07 v3.41 KOMA-Script package (logo)
)))
("/Library/Application Support/MiKTeX/texmfs/install/tex/latex/graphics/keyval.
sty"
Package: keyval 2022/05/29 v1.15 key=value parser (DPC)
\KV@toks@=\toks17
)
Applying: [2021/05/01] Usage of raw or classic option list on input line 252.
Already applied: [0000/00/00] Usage of raw or classic option list on input line
 368.
))
("/Library/Application Support/MiKTeX/texmfs/install/tex/latex/koma-script/tocb
asic.sty"
Package: tocbasic 2023/07/07 v3.41 KOMA-Script package (handling toc-files)
\scr@dte@tocline@numberwidth=\skip48
\scr@dte@tocline@numbox=\box51
)
Package tocbasic Info: omitting babel extension for `toc'
(tocbasic)             because of feature `nobabel' available
(tocbasic)             for `toc' on input line 135.
Package scrbook Info: You've used standard option `12pt'.
(scrbook)             This is correct!
(scrbook)             Internally I'm using `fontsize=12pt'.
(scrbook)             If you'd like to set the option with \KOMAoptions,
(scrbook)             you'd have to use `fontsize=12pt' there
(scrbook)             instead of `12pt', too.
Class scrbook Info: You've used standard option `oneside'.
(scrbook)           This is correct!
(scrbook)           Internally I'm using `twoside=false'.
(scrbook)           If you'd like to set the option with \KOMAoptions,
(scrbook)           you'd have to use `twoside=false' there
(scrbook)           instead of `oneside', too.
Class scrbook Info: File `scrsize12pt.clo' used to setup font sizes on input li
ne 2691.

("/Library/Application Support/MiKTeX/texmfs/install/tex/latex/koma-script/scrs
ize12pt.clo"
File: scrsize12pt.clo 2023/07/07 v3.41 KOMA-Script font size class option (12pt
)
luaotfload | db : Font names database loaded from /Users/steffenspatzek/Library/
Application Support/MiKTeX/texmfs/data/luatex-cache/generic/names/luaotfload-nam
es.luc.gz)
("/Library/Application Support/MiKTeX/texmfs/install/tex/latex/koma-script/type
area.sty"
Package: typearea 2023/07/07 v3.41 KOMA-Script package (type area)
\ta@bcor=\skip49
\ta@div=\count186
Package typearea Info: You've used standard option `a4paper'.
(typearea)             This is correct!
(typearea)             Internally I'm using `paper=a4'.
(typearea)             If you'd like to set the option with \KOMAoptions,
(typearea)             you'd have to use `paper=a4' there
(typearea)             instead of `a4paper', too.
Package typearea Info: You've used standard option `oneside'.
(typearea)             This is correct!
(typearea)             Internally I'm using `twoside=false'.
(typearea)             If you'd like to set the option with \KOMAoptions,
(typearea)             you'd have to use `twoside=false' there
(typearea)             instead of `oneside', too.
\ta@hblk=\skip50
\ta@vblk=\skip51
\ta@temp=\skip52
\footheight=\skip53
Package typearea Info: These are the values describing the layout:
(typearea)             DIV  = 12
(typearea)             BCOR = 0.0pt
(typearea)             \paperwidth      = 597.50793pt
(typearea)              \textwidth      = 448.13095pt
(typearea)              DIV departure   = -6%
(typearea)              \evensidemargin = 2.4185pt
(typearea)              \oddsidemargin  = 2.4185pt
(typearea)             \paperheight     = 845.04694pt
(typearea)              \textheight     = 635.5pt
(typearea)              \topmargin      = -41.72441pt
(typearea)              \headheight     = 18.125pt
(typearea)              \headsep        = 21.75pt
(typearea)              \topskip        = 12.0pt
(typearea)              \footskip       = 50.75pt
(typearea)              \baselineskip   = 14.5pt
(typearea)              on input line 1799.
)
\c@part=\count187
\c@chapter=\count188
\c@section=\count189
\c@subsection=\count190
\c@subsubsection=\count191
\c@paragraph=\count192
\c@subparagraph=\count193
\scr@dte@chapter@maxnumwidth=\skip54
Class scrbook Info: using compatibility default `afterindent=bysign'
(scrbook)           for `\chapter on input line 5990.
\scr@dte@section@maxnumwidth=\skip55
Class scrbook Info: using compatibility default `runin=bysign'
(scrbook)           for `\section on input line 6001.
Class scrbook Info: using compatibility default `afterindent=bysign'
(scrbook)           for `\section on input line 6001.
\scr@dte@part@maxnumwidth=\skip56
Class scrbook Info: using compatibility default `afterindent=true'
(scrbook)           for `\part on input line 6010.
\scr@dte@subsection@maxnumwidth=\skip57
Class scrbook Info: using compatibility default `runin=bysign'
(scrbook)           for `\subsection on input line 6020.
Class scrbook Info: using compatibility default `afterindent=bysign'
(scrbook)           for `\subsection on input line 6020.
\scr@dte@subsubsection@maxnumwidth=\skip58
Class scrbook Info: using compatibility default `runin=bysign'
(scrbook)           for `\subsubsection on input line 6030.
Class scrbook Info: using compatibility default `afterindent=bysign'
(scrbook)           for `\subsubsection on input line 6030.
\scr@dte@paragraph@maxnumwidth=\skip59
Class scrbook Info: using compatibility default `runin=bysign'
(scrbook)           for `\paragraph on input line 6041.
Class scrbook Info: using compatibility default `afterindent=bysign'
(scrbook)           for `\paragraph on input line 6041.
\scr@dte@subparagraph@maxnumwidth=\skip60
Class scrbook Info: using compatibility default `runin=bysign'
(scrbook)           for `\subparagraph on input line 6051.
Class scrbook Info: using compatibility default `afterindent=bysign'
(scrbook)           for `\subparagraph on input line 6051.
\abovecaptionskip=\skip61
\belowcaptionskip=\skip62
\c@pti@nb@sid@b@x=\box52
Package tocbasic Info: omitting babel extension for `lof'
(tocbasic)             because of feature `nobabel' available
(tocbasic)             for `lof' on input line 7242.
\scr@dte@figure@maxnumwidth=\skip63
\c@figure=\count194
Package tocbasic Info: omitting babel extension for `lot'
(tocbasic)             because of feature `nobabel' available
(tocbasic)             for `lot' on input line 7259.
\scr@dte@table@maxnumwidth=\skip64
\c@table=\count195
Class scrbook Info: Redefining `\numberline' on input line 7430.
\bibindent=\dimen139
)
("/Library/Application Support/MiKTeX/texmfs/install/tex/latex/graphics/graphic
x.sty"
Package: graphicx 2021/09/16 v1.2d Enhanced LaTeX Graphics (DPC,SPQR)

("/Library/Application Support/MiKTeX/texmfs/install/tex/latex/graphics/graphic
s.sty"
Package: graphics 2022/03/10 v1.4e Standard LaTeX Graphics (DPC,SPQR)

("/Library/Application Support/MiKTeX/texmfs/install/tex/latex/graphics/trig.st
y"
Package: trig 2021/08/11 v1.11 sin cos tan (DPC)
)
("/Library/Application Support/MiKTeX/texmfs/install/tex/latex/graphics-cfg/gra
phics.cfg"
File: graphics.cfg 2016/06/04 v1.11 sample graphics configuration
)
Package graphics Info: Driver file: luatex.def on input line 107.

("/Library/Application Support/MiKTeX/texmfs/install/tex/latex/graphics-def/lua
tex.def"
File: luatex.def 2024/04/13 v1.2e Graphics/color driver for luatex
))
\Gin@req@height=\dimen140
\Gin@req@width=\dimen141
)
("/Library/Application Support/MiKTeX/texmfs/install/tex/latex/polyglossia/poly
glossia.sty"
Package: polyglossia 2024/03/07 v2.1 Modern multilingual typesetting with XeLaT
eX and LuaLaTeX

("/Library/Application Support/MiKTeX/texmfs/install/tex/latex/etoolbox/etoolbo
x.sty"
Package: etoolbox 2020/10/05 v2.5k e-TeX tools for LaTeX (JAW)
\etb@tempcnta=\count196
)
("/Library/Application Support/MiKTeX/texmfs/install/tex/latex/xkeyval/xkeyval.
sty"
Package: xkeyval 2022/06/16 v2.9 package option processing (HA)

("/Library/Application Support/MiKTeX/texmfs/install/tex/generic/xkeyval/xkeyva
l.tex"
("/Library/Application Support/MiKTeX/texmfs/install/tex/generic/xkeyval/xkvuti
ls.tex"
\XKV@toks=\toks18
\XKV@tempa@toks=\toks19
)
\XKV@depth=\count197
File: xkeyval.tex 2014/12/03 v2.7a key=value parser (HA)
))
("/Library/Application Support/MiKTeX/texmfs/install/tex/latex/fontspec/fontspe
c.sty"
("/Library/Application Support/MiKTeX/texmfs/install/tex/latex/l3packages/xpars
e/xparse.sty"
("/Library/Application Support/MiKTeX/texmfs/install/tex/latex/l3kernel/expl3.s
ty"
Package: expl3 2024-03-14 L3 programming layer (loader) 

("/Library/Application Support/MiKTeX/texmfs/install/tex/latex/l3backend/l3back
end-luatex.def"
File: l3backend-luatex.def 2024-03-14 L3 backend support: PDF output (LuaTeX)
\l__color_backend_stack_int=\count198
Inserting `l3color' in `luaotfload.parse_color'.
\l__pdf_internal_box=\box53
))
Package: xparse 2024-03-14 L3 Experimental document command parser
)
Package: fontspec 2024/02/13 v2.9a Font selection for XeLaTeX and LuaLaTeX
Lua module: fontspec 2024/02/13 2.9a Font selection for XeLaTeX and LuaLaTeX
("/Library/Application Support/MiKTeX/texmfs/install/tex/latex/fontspec/fontspe
c-luatex.sty"
Package: fontspec-luatex 2024/02/13 v2.9a Font selection for XeLaTeX and LuaLaT
eX
\l__fontspec_script_int=\count199
\l__fontspec_language_int=\count266
\l__fontspec_strnum_int=\count267
\l__fontspec_tmp_int=\count268
\l__fontspec_tmpa_int=\count269
\l__fontspec_tmpb_int=\count270
\l__fontspec_tmpc_int=\count271
\l__fontspec_em_int=\count272
\l__fontspec_emdef_int=\count273
\l__fontspec_strong_int=\count274
\l__fontspec_strongdef_int=\count275
\l__fontspec_tmpa_dim=\dimen142
\l__fontspec_tmpb_dim=\dimen143
\l__fontspec_tmpc_dim=\dimen144

("/Library/Application Support/MiKTeX/texmfs/install/tex/latex/base/fontenc.sty
"
Package: fontenc 2021/04/29 v2.0v Standard LaTeX package
)
("/Library/Application Support/MiKTeX/texmfs/install/tex/latex/fontspec/fontspe
c.cfg")))
("/Library/Application Support/MiKTeX/texmfs/install/tex/generic/iftex/iftex.st
y"
Package: iftex 2022/02/03 v1.0f TeX engine tests
)
("/Library/Application Support/MiKTeX/texmfs/install/tex/luatex/luatexbase/luat
exbase.sty"
Package: luatexbase 2015/10/04 v1.3 luatexbase interface to LuaTeX 

("/Library/Application Support/MiKTeX/texmfs/install/tex/luatex/ctablestack/cta
blestack.sty"
Package: ctablestack 2015/10/01 v1.0 Catcode table stable support
\@catcodetablestackcnt=\count276
)
\CatcodeTableOther=\catcodetable14
\CatcodeTableExpl=\catcodetable15
)
Lua module: polyglossia 2013/05/11 1.3 Polyglossia
("/Library/Application Support/MiKTeX/texmfs/install/tex/latex/polyglossia/glos
s-latex.ldf"
File: gloss-latex.ldf polyglossia: module for default language
)
Package polyglossia Info: Default language is latex.
Package polyglossia Info: Setting LuaTeX font renderer to Harfbuzz.
)
("/Library/Application Support/MiKTeX/texmfs/install/tex/latex/polyglossia/glos
s-german.ldf"
File: gloss-german.ldf polyglossia: module for German
Module polyglossia Info: Language data for german
(polyglossia)            lefthyphenmin	2
(polyglossia)            hyphenation	
(polyglossia)            righthyphenmin	2
(polyglossia)            loader	loadhyph-de-1901.tex
(polyglossia)            patterns	hyph-de-1901.pat.txt
(polyglossia)            synonyms	 on input line 16
Module polyglossia Info: Language german was not yet loaded; created with id 2 o
n input line 16
Package polyglossia Info: Option: German, spelling=new.
Package polyglossia Info: Option: German, script=latin.
Package polyglossia Info: Option: German, variant=german.
Package polyglossia Info: Option: German, variant=german.
Package polyglossia Info: Option: German, spelling=new.
Package polyglossia Info: Option: German, script=latin.

("/Library/Application Support/MiKTeX/texmfs/install/tex/latex/polyglossia/babe
lsh.def"
File: babelsh.def 2022/06/21 Babel common definitions for shorthands
 Taken verbatim from babel files (2022/06/06 v3.76)
)
Package babel Info: Making " an active character on input line 194.
)
Package polyglossia Info: Default language is german.

("/Library/Application Support/MiKTeX/texmfs/install/tex/latex/minted/minted.st
y"
Package: minted 2023/12/18 v2.9 Yet another Pygments shim for LaTeX

("/Library/Application Support/MiKTeX/texmfs/install/tex/latex/kvoptions/kvopti
ons.sty"
Package: kvoptions 2022-06-15 v3.15 Key value format for package options (HO)

("/Library/Application Support/MiKTeX/texmfs/install/tex/generic/ltxcmds/ltxcmd
s.sty"
Package: ltxcmds 2023-12-04 v1.26 LaTeX kernel commands for general use (HO)
)
("/Library/Application Support/MiKTeX/texmfs/install/tex/latex/kvsetkeys/kvsetk
eys.sty"
Package: kvsetkeys 2022-10-05 v1.19 Key value parser (HO)
))
("/Library/Application Support/MiKTeX/texmfs/install/tex/latex/fvextra/fvextra.
sty"
Package: fvextra 2023/11/28 v1.6.1 fvextra - extensions and patches for fancyvr
b

("/Library/Application Support/MiKTeX/texmfs/install/tex/latex/fancyvrb/fancyvr
b.sty"
Package: fancyvrb 2024/01/20 4.5c verbatim text (tvz,hv)
\FV@CodeLineNo=\count277
\FV@InFile=\read2
\FV@TabBox=\box54
\c@FancyVerbLine=\count278
\FV@StepNumber=\count279
\FV@OutFile=\write3
)
("/Library/Application Support/MiKTeX/texmfs/install/tex/latex/upquote/upquote.
sty"
Package: upquote 2012/04/19 v1.3 upright-quote and grave-accent glyphs in verba
tim

("/Library/Application Support/MiKTeX/texmfs/install/tex/latex/base/textcomp.st
y"
Package: textcomp 2020/02/02 v2.0n Standard LaTeX package
))
("/Library/Application Support/MiKTeX/texmfs/install/tex/latex/lineno/lineno.st
y"
Package: lineno 2023/05/20 line numbers on paragraphs v5.3
\linenopenalty=\count280
\output=\toks20
\linenoprevgraf=\count281
\linenumbersep=\dimen145
\linenumberwidth=\dimen146
\c@linenumber=\count282
\c@pagewiselinenumber=\count283
\c@LN@truepage=\count284
\c@internallinenumber=\count285
\c@internallinenumbers=\count286
\quotelinenumbersep=\dimen147
\bframerule=\dimen148
\bframesep=\dimen149
\bframebox=\box55
LaTeX Info: Redefining \\ on input line 3180.
)
\c@FancyVerbWriteLine=\count287
\c@FancyVerbBufferIndex=\count288
\c@FancyVerbBufferLength=\count289
\c@FancyVerbBufferLine=\count290
\c@FV@oldbufferlength=\count291
\c@FV@TrueTabGroupLevel=\count292
\c@FV@TrueTabCounter=\count293
\FV@TabBox@Group=\box56
\FV@TmpLength=\skip65
\c@FV@HighlightLinesStart=\count294
\c@FV@HighlightLinesStop=\count295
\FV@LoopCount=\count296
\FV@NCharsBox=\box57
\FV@BreakIndent=\dimen150
\FV@BreakIndentNChars=\count297
\FV@BreakSymbolSepLeft=\dimen151
\FV@BreakSymbolSepLeftNChars=\count298
\FV@BreakSymbolSepRight=\dimen152
\FV@BreakSymbolSepRightNChars=\count299
\FV@BreakSymbolIndentLeft=\dimen153
\FV@BreakSymbolIndentLeftNChars=\count300
\FV@BreakSymbolIndentRight=\dimen154
\FV@BreakSymbolIndentRightNChars=\count301
\c@FancyVerbLineBreakLast=\count302
\FV@LineBox=\box58
\FV@LineIndentBox=\box59
\c@FV@BreakBufferDepth=\count303
\FV@LineWidth=\dimen155
)
("/Library/Application Support/MiKTeX/texmfs/install/tex/latex/base/ifthen.sty"
Package: ifthen 2022/04/13 v1.1d Standard LaTeX ifthen package (DPC)
)
("/Library/Application Support/MiKTeX/texmfs/install/tex/latex/tools/shellesc.s
ty"
Package: shellesc 2023/07/08 v1.0d unified shell escape interface for LaTeX
Package shellesc Info: Unrestricted shell escape enabled on input line 75.
)
("/Library/Application Support/MiKTeX/texmfs/install/tex/latex/ifplatform/ifpla
tform.sty"
Package: ifplatform 2017/10/13 v0.4a Testing for the operating system

("/Library/Application Support/MiKTeX/texmfs/install/tex/generic/pdftexcmds/pdf
texcmds.sty"
Package: pdftexcmds 2020-06-27 v0.33 Utility functions of pdfTeX for LuaTeX (HO
)

("/Library/Application Support/MiKTeX/texmfs/install/tex/generic/infwarerr/infw
arerr.sty"
Package: infwarerr 2019/12/03 v1.5 Providing info/warning/error messages (HO)
)
Package pdftexcmds Info: \pdf@primitive is available.
Package pdftexcmds Info: \pdf@ifprimitive is available.
Package pdftexcmds Info: \pdfdraftmode found.
\pdftexcmds@toks=\toks21
)
("/Library/Application Support/MiKTeX/texmfs/install/tex/generic/catchfile/catc
hfile.sty"
Package: catchfile 2019/12/09 v1.8 Catch the contents of a file (HO)

("/Library/Application Support/MiKTeX/texmfs/install/tex/generic/etexcmds/etexc
mds.sty"
Package: etexcmds 2019/12/15 v1.7 Avoid name clashes with e-TeX commands (HO)
))
("/Library/Application Support/MiKTeX/texmfs/install/tex/generic/iftex/ifluatex
.sty"
Package: ifluatex 2019/10/25 v1.5 ifluatex legacy package. Use iftex instead.
)
runsystem(uname -s > "projektdokumentation.w18")...executed.
 (./projektdokumentation.w18)
runsystem(rm -- "projektdokumentation.w18")...executed.
)
("/Library/Application Support/MiKTeX/texmfs/install/tex/latex/xstring/xstring.
sty"
("/Library/Application Support/MiKTeX/texmfs/install/tex/generic/xstring/xstrin
g.tex"
\xs_counta=\count304
\xs_countb=\count305
)
Package: xstring 2023/08/22 v1.86 String manipulations (CT)
)
("/Library/Application Support/MiKTeX/texmfs/install/tex/latex/framed/framed.st
y"
Package: framed 2011/10/22 v 0.96: framed or shaded text with page breaks
\OuterFrameSep=\skip66
\fb@frw=\dimen156
\fb@frh=\dimen157
\FrameRule=\dimen158
\FrameSep=\dimen159
)
("/Library/Application Support/MiKTeX/texmfs/install/tex/latex/float/float.sty"
Package: float 2001/11/08 v1.3d Float enhancements (AL)
\c@float@type=\count306
\float@exts=\toks22
\float@box=\box60
\@float@everytoks=\toks23
\@floatcapt=\box61
)
\minted@appexistsfile=\read3
\minted@bgbox=\box62
\minted@code=\write4
\c@minted@FancyVerbLineTemp=\count307
\c@minted@pygmentizecounter=\count308
\@float@every@listing=\toks24
\c@listing=\count309
)
runsystem(mkdir -p _minted-projektdokumentation)...executed.

("/Library/Application Support/MiKTeX/texmfs/install/tex/latex/hyperref/hyperre
f.sty"
Package: hyperref 2024-01-20 v7.01h Hypertext links for LaTeX

("/Library/Application Support/MiKTeX/texmfs/install/tex/generic/kvdefinekeys/k
vdefinekeys.sty"
Package: kvdefinekeys 2019-12-19 v1.6 Define keys (HO)
)
("/Library/Application Support/MiKTeX/texmfs/install/tex/generic/pdfescape/pdfe
scape.sty"
Package: pdfescape 2019/12/09 v1.15 Implements pdfTeX's escape features (HO)
)
("/Library/Application Support/MiKTeX/texmfs/install/tex/latex/hycolor/hycolor.
sty"
Package: hycolor 2020-01-27 v1.10 Color options for hyperref/bookmark (HO)
)
("/Library/Application Support/MiKTeX/texmfs/install/tex/latex/auxhook/auxhook.
sty"
Package: auxhook 2019-12-17 v1.6 Hooks for auxiliary files (HO)
)
("/Library/Application Support/MiKTeX/texmfs/install/tex/latex/hyperref/nameref
.sty"
Package: nameref 2023-11-26 v2.56 Cross-referencing by name of section

("/Library/Application Support/MiKTeX/texmfs/install/tex/latex/refcount/refcoun
t.sty"
Package: refcount 2019/12/15 v3.6 Data extraction from label references (HO)
)
("/Library/Application Support/MiKTeX/texmfs/install/tex/generic/gettitlestring
/gettitlestring.sty"
Package: gettitlestring 2019/12/15 v1.6 Cleanup title references (HO)
)
\c@section@level=\count310
)
\@linkdim=\dimen160
\Hy@linkcounter=\count311
\Hy@pagecounter=\count312

("/Library/Application Support/MiKTeX/texmfs/install/tex/latex/hyperref/pd1enc.
def"
File: pd1enc.def 2024-01-20 v7.01h Hyperref: PDFDocEncoding definition (HO)
)
("/Library/Application Support/MiKTeX/texmfs/install/tex/generic/intcalc/intcal
c.sty"
Package: intcalc 2019/12/15 v1.3 Expandable calculations with integers (HO)
)
\Hy@SavedSpaceFactor=\count313

("/Library/Application Support/MiKTeX/texmfs/install/tex/latex/hyperref/puenc.d
ef"
File: puenc.def 2024-01-20 v7.01h Hyperref: PDF Unicode definition (HO)
)
Package hyperref Info: Hyper figures OFF on input line 4179.
Package hyperref Info: Link nesting OFF on input line 4184.
Package hyperref Info: Hyper index ON on input line 4187.
Package hyperref Info: Plain pages OFF on input line 4194.
Package hyperref Info: Backreferencing OFF on input line 4199.
Package hyperref Info: Implicit mode ON; LaTeX internals redefined.
Package hyperref Info: Bookmarks ON on input line 4446.
\c@Hy@tempcnt=\count314
 ("/Library/Application Support/MiKTeX/texmfs/install/tex/latex/url/url.sty"
\Urlmuskip=\muskip16
Package: url 2013/09/16  ver 3.4  Verb mode for urls, etc.
)
LaTeX Info: Redefining \url on input line 4784.
\XeTeXLinkMargin=\dimen161

("/Library/Application Support/MiKTeX/texmfs/install/tex/generic/bitset/bitset.
sty"
Package: bitset 2019/12/09 v1.3 Handle bit-vector datatype (HO)

("/Library/Application Support/MiKTeX/texmfs/install/tex/generic/bigintcalc/big
intcalc.sty"
Package: bigintcalc 2019/12/15 v1.5 Expandable calculations on big integers (HO
)
))
\Fld@menulength=\count315
\Field@Width=\dimen162
\Fld@charsize=\dimen163
Package hyperref Info: Hyper figures OFF on input line 6063.
Package hyperref Info: Link nesting OFF on input line 6068.
Package hyperref Info: Hyper index ON on input line 6071.
Package hyperref Info: backreferencing OFF on input line 6078.
Package hyperref Info: Link coloring OFF on input line 6083.
Package hyperref Info: Link coloring with OCG OFF on input line 6088.
Package hyperref Info: PDF/A mode OFF on input line 6093.

("/Library/Application Support/MiKTeX/texmfs/install/tex/latex/base/atbegshi-lt
x.sty"
Package: atbegshi-ltx 2021/01/10 v1.0c Emulation of the original atbegshi
package with kernel methods
)
\Hy@abspage=\count316
\c@Item=\count317
\c@Hfootnote=\count318
)
Package hyperref Info: Driver (autodetected): hluatex.

("/Library/Application Support/MiKTeX/texmfs/install/tex/latex/hyperref/hluatex
.def"
File: hluatex.def 2024-01-20 v7.01h Hyperref driver for luaTeX

("/Library/Application Support/MiKTeX/texmfs/install/tex/generic/stringenc/stri
ngenc.sty"
Package: stringenc 2019/11/29 v1.12 Convert strings between diff. encodings (HO
)
)
("/Library/Application Support/MiKTeX/texmfs/install/tex/latex/base/atveryend-l
tx.sty"
Package: atveryend-ltx 2020/08/19 v1.0a Emulation of the original atveryend pac
kage
with kernel methods
)
\Fld@listcount=\count319
\c@bookmark@seq@number=\count320

("/Library/Application Support/MiKTeX/texmfs/install/tex/latex/rerunfilecheck/r
erunfilecheck.sty"
Package: rerunfilecheck 2022-07-10 v1.10 Rerun checks for auxiliary files (HO)

("/Library/Application Support/MiKTeX/texmfs/install/tex/generic/uniquecounter/
uniquecounter.sty"
Package: uniquecounter 2019/12/15 v1.4 Provide unlimited unique counter (HO)
)
Package uniquecounter Info: New unique counter `rerunfilecheck' on input line 2
85.
)
\Hy@SectionHShift=\skip67
)
luaotfload | cache : Lookup cache loaded from /Users/steffenspatzek/Library/Appl
ication Support/MiKTeX/texmfs/data/luatex-cache/generic/names/luaotfload-lookup-
cache.luc.

Package fontspec Info: Font family 'xcharter(0)' created for font 'xcharter'
(fontspec)             with options [Renderer=Harfbuzz,Ligatures=TeX].
(fontspec)              
(fontspec)              This font family consists of the following NFSS
(fontspec)             series/shapes:
(fontspec)              
(fontspec)             - 'normal' (m/n) with NFSS spec.:
(fontspec)             <->"name:xcharter:mode=harf;script=latn;language=dflt;+t
lig;"
(fontspec)             - 'small caps'  (m/sc) with NFSS spec.:
(fontspec)             <->"name:xcharter:mode=harf;script=latn;language=dflt;+t
lig;+smcp;"
(fontspec)             - 'bold' (b/n) with NFSS spec.:
(fontspec)             <->"name:xcharter/B:mode=harf;script=latn;language=dflt;
+tlig;"
(fontspec)             - 'bold small caps'  (b/sc) with NFSS spec.:
(fontspec)             <->"name:xcharter/B:mode=harf;script=latn;language=dflt;
+tlig;+smcp;"
(fontspec)             - 'italic' (m/it) with NFSS spec.:
(fontspec)             <->"name:xcharter/I:mode=harf;script=latn;language=dflt;
+tlig;"
(fontspec)             - 'italic small caps'  (m/scit) with NFSS spec.:
(fontspec)             <->"name:xcharter/I:mode=harf;script=latn;language=dflt;
+tlig;+smcp;"
(fontspec)             - 'bold italic' (b/it) with NFSS spec.:
(fontspec)             <->"name:xcharter/BI:mode=harf;script=latn;language=dflt
;+tlig;"
(fontspec)             - 'bold italic small caps'  (b/scit) with NFSS spec.:
(fontspec)             <->"name:xcharter/BI:mode=harf;script=latn;language=dflt
;+tlig;+smcp;"


("/Library/Application Support/MiKTeX/texmfs/install/tex/latex/tcolorbox/tcolor
box.sty"
Package: tcolorbox 2024/01/10 version 6.2.0 text color boxes

("/Library/Application Support/MiKTeX/texmfs/install/tex/latex/pgf/basiclayer/p
gf.sty"
("/Library/Application Support/MiKTeX/texmfs/install/tex/latex/pgf/utilities/pg
frcs.sty"
("/Library/Application Support/MiKTeX/texmfs/install/tex/generic/pgf/utilities/
pgfutil-common.tex"
\pgfutil@everybye=\toks25
\pgfutil@tempdima=\dimen164
\pgfutil@tempdimb=\dimen165
)
("/Library/Application Support/MiKTeX/texmfs/install/tex/generic/pgf/utilities/
pgfutil-latex.def"
\pgfutil@abb=\box63
)
("/Library/Application Support/MiKTeX/texmfs/install/tex/generic/pgf/utilities/
pgfrcs.code.tex"
("/Library/Application Support/MiKTeX/texmfs/install/tex/generic/pgf/pgf.revisi
on.tex")
Package: pgfrcs 2023-01-15 v3.1.10 (3.1.10)
))
Package: pgf 2023-01-15 v3.1.10 (3.1.10)

("/Library/Application Support/MiKTeX/texmfs/install/tex/latex/pgf/basiclayer/p
gfcore.sty"
("/Library/Application Support/MiKTeX/texmfs/install/tex/latex/pgf/systemlayer/
pgfsys.sty"
("/Library/Application Support/MiKTeX/texmfs/install/tex/generic/pgf/systemlaye
r/pgfsys.code.tex"
Package: pgfsys 2023-01-15 v3.1.10 (3.1.10)

("/Library/Application Support/MiKTeX/texmfs/install/tex/generic/pgf/utilities/
pgfkeys.code.tex"
\pgfkeys@pathtoks=\toks26
\pgfkeys@temptoks=\toks27

("/Library/Application Support/MiKTeX/texmfs/install/tex/generic/pgf/utilities/
pgfkeyslibraryfiltered.code.tex"
\pgfkeys@tmptoks=\toks28
))
\pgf@x=\dimen166
\pgf@y=\dimen167
\pgf@xa=\dimen168
\pgf@ya=\dimen169
\pgf@xb=\dimen170
\pgf@yb=\dimen171
\pgf@xc=\dimen172
\pgf@yc=\dimen173
\pgf@xd=\dimen174
\pgf@yd=\dimen175
\w@pgf@writea=\write5
\r@pgf@reada=\read4
\c@pgf@counta=\count321
\c@pgf@countb=\count322
\c@pgf@countc=\count323
\c@pgf@countd=\count324
\t@pgf@toka=\toks29
\t@pgf@tokb=\toks30
\t@pgf@tokc=\toks31
\pgf@sys@id@count=\count325

("/Library/Application Support/MiKTeX/texmfs/install/tex/generic/pgf/systemlaye
r/pgf.cfg"
File: pgf.cfg 2023-01-15 v3.1.10 (3.1.10)
)
Driver file for pgf: pgfsys-luatex.def

("/Library/Application Support/MiKTeX/texmfs/install/tex/generic/pgf/systemlaye
r/pgfsys-luatex.def"
File: pgfsys-luatex.def 2023-01-15 v3.1.10 (3.1.10)

("/Library/Application Support/MiKTeX/texmfs/install/tex/generic/pgf/systemlaye
r/pgfsys-common-pdf.def"
File: pgfsys-common-pdf.def 2023-01-15 v3.1.10 (3.1.10)
)))
("/Library/Application Support/MiKTeX/texmfs/install/tex/generic/pgf/systemlaye
r/pgfsyssoftpath.code.tex"
File: pgfsyssoftpath.code.tex 2023-01-15 v3.1.10 (3.1.10)
\pgfsyssoftpath@smallbuffer@items=\count326
\pgfsyssoftpath@bigbuffer@items=\count327
)
("/Library/Application Support/MiKTeX/texmfs/install/tex/generic/pgf/systemlaye
r/pgfsysprotocol.code.tex"
File: pgfsysprotocol.code.tex 2023-01-15 v3.1.10 (3.1.10)
))
("/Library/Application Support/MiKTeX/texmfs/install/tex/latex/xcolor/xcolor.st
y"
Package: xcolor 2023/11/15 v3.01 LaTeX color extensions (UK)

("/Library/Application Support/MiKTeX/texmfs/install/tex/latex/graphics-cfg/col
or.cfg"
File: color.cfg 2016/01/02 v1.6 sample color configuration
)
Package xcolor Info: Driver file: luatex.def on input line 274.

("/Library/Application Support/MiKTeX/texmfs/install/tex/latex/graphics/mathcol
or.ltx")
Package xcolor Info: Model `cmy' substituted by `cmy0' on input line 1350.
Package xcolor Info: Model `hsb' substituted by `rgb' on input line 1354.
Package xcolor Info: Model `RGB' extended on input line 1366.
Package xcolor Info: Model `HTML' substituted by `rgb' on input line 1368.
Package xcolor Info: Model `Hsb' substituted by `hsb' on input line 1369.
Package xcolor Info: Model `tHsb' substituted by `hsb' on input line 1370.
Package xcolor Info: Model `HSB' substituted by `hsb' on input line 1371.
Package xcolor Info: Model `Gray' substituted by `gray' on input line 1372.
Package xcolor Info: Model `wave' substituted by `hsb' on input line 1373.
)
("/Library/Application Support/MiKTeX/texmfs/install/tex/generic/pgf/basiclayer
/pgfcore.code.tex"
Package: pgfcore 2023-01-15 v3.1.10 (3.1.10)

("/Library/Application Support/MiKTeX/texmfs/install/tex/generic/pgf/math/pgfma
th.code.tex"
("/Library/Application Support/MiKTeX/texmfs/install/tex/generic/pgf/math/pgfma
thutil.code.tex")
("/Library/Application Support/MiKTeX/texmfs/install/tex/generic/pgf/math/pgfma
thparser.code.tex"
\pgfmath@dimen=\dimen176
\pgfmath@count=\count328
\pgfmath@box=\box64
\pgfmath@toks=\toks32
\pgfmath@stack@operand=\toks33
\pgfmath@stack@operation=\toks34
)
("/Library/Application Support/MiKTeX/texmfs/install/tex/generic/pgf/math/pgfma
thfunctions.code.tex")
("/Library/Application Support/MiKTeX/texmfs/install/tex/generic/pgf/math/pgfma
thfunctions.basic.code.tex")
("/Library/Application Support/MiKTeX/texmfs/install/tex/generic/pgf/math/pgfma
thfunctions.trigonometric.code.tex")
("/Library/Application Support/MiKTeX/texmfs/install/tex/generic/pgf/math/pgfma
thfunctions.random.code.tex")
("/Library/Application Support/MiKTeX/texmfs/install/tex/generic/pgf/math/pgfma
thfunctions.comparison.code.tex")
("/Library/Application Support/MiKTeX/texmfs/install/tex/generic/pgf/math/pgfma
thfunctions.base.code.tex")
("/Library/Application Support/MiKTeX/texmfs/install/tex/generic/pgf/math/pgfma
thfunctions.round.code.tex")
("/Library/Application Support/MiKTeX/texmfs/install/tex/generic/pgf/math/pgfma
thfunctions.misc.code.tex")
("/Library/Application Support/MiKTeX/texmfs/install/tex/generic/pgf/math/pgfma
thfunctions.integerarithmetics.code.tex")
("/Library/Application Support/MiKTeX/texmfs/install/tex/generic/pgf/math/pgfma
thcalc.code.tex")
("/Library/Application Support/MiKTeX/texmfs/install/tex/generic/pgf/math/pgfma
thfloat.code.tex"
\c@pgfmathroundto@lastzeros=\count329
))
("/Library/Application Support/MiKTeX/texmfs/install/tex/generic/pgf/math/pgfin
t.code.tex")
("/Library/Application Support/MiKTeX/texmfs/install/tex/generic/pgf/basiclayer
/pgfcorepoints.code.tex"
File: pgfcorepoints.code.tex 2023-01-15 v3.1.10 (3.1.10)
\pgf@picminx=\dimen177
\pgf@picmaxx=\dimen178
\pgf@picminy=\dimen179
\pgf@picmaxy=\dimen180
\pgf@pathminx=\dimen181
\pgf@pathmaxx=\dimen182
\pgf@pathminy=\dimen183
\pgf@pathmaxy=\dimen184
\pgf@xx=\dimen185
\pgf@xy=\dimen186
\pgf@yx=\dimen187
\pgf@yy=\dimen188
\pgf@zx=\dimen189
\pgf@zy=\dimen190
)
("/Library/Application Support/MiKTeX/texmfs/install/tex/generic/pgf/basiclayer
/pgfcorepathconstruct.code.tex"
File: pgfcorepathconstruct.code.tex 2023-01-15 v3.1.10 (3.1.10)
\pgf@path@lastx=\dimen191
\pgf@path@lasty=\dimen192
)
("/Library/Application Support/MiKTeX/texmfs/install/tex/generic/pgf/basiclayer
/pgfcorepathusage.code.tex"
File: pgfcorepathusage.code.tex 2023-01-15 v3.1.10 (3.1.10)
\pgf@shorten@end@additional=\dimen193
\pgf@shorten@start@additional=\dimen194
)
("/Library/Application Support/MiKTeX/texmfs/install/tex/generic/pgf/basiclayer
/pgfcorescopes.code.tex"
File: pgfcorescopes.code.tex 2023-01-15 v3.1.10 (3.1.10)
\pgfpic=\box65
\pgf@hbox=\box66
\pgf@layerbox@main=\box67
\pgf@picture@serial@count=\count330
)
("/Library/Application Support/MiKTeX/texmfs/install/tex/generic/pgf/basiclayer
/pgfcoregraphicstate.code.tex"
File: pgfcoregraphicstate.code.tex 2023-01-15 v3.1.10 (3.1.10)
\pgflinewidth=\dimen195
)
("/Library/Application Support/MiKTeX/texmfs/install/tex/generic/pgf/basiclayer
/pgfcoretransformations.code.tex"
File: pgfcoretransformations.code.tex 2023-01-15 v3.1.10 (3.1.10)
\pgf@pt@x=\dimen196
\pgf@pt@y=\dimen197
\pgf@pt@temp=\dimen198
)
("/Library/Application Support/MiKTeX/texmfs/install/tex/generic/pgf/basiclayer
/pgfcorequick.code.tex"
File: pgfcorequick.code.tex 2023-01-15 v3.1.10 (3.1.10)
)
("/Library/Application Support/MiKTeX/texmfs/install/tex/generic/pgf/basiclayer
/pgfcoreobjects.code.tex"
File: pgfcoreobjects.code.tex 2023-01-15 v3.1.10 (3.1.10)
)
("/Library/Application Support/MiKTeX/texmfs/install/tex/generic/pgf/basiclayer
/pgfcorepathprocessing.code.tex"
File: pgfcorepathprocessing.code.tex 2023-01-15 v3.1.10 (3.1.10)
)
("/Library/Application Support/MiKTeX/texmfs/install/tex/generic/pgf/basiclayer
/pgfcorearrows.code.tex"
File: pgfcorearrows.code.tex 2023-01-15 v3.1.10 (3.1.10)
\pgfarrowsep=\dimen199
)
("/Library/Application Support/MiKTeX/texmfs/install/tex/generic/pgf/basiclayer
/pgfcoreshade.code.tex"
File: pgfcoreshade.code.tex 2023-01-15 v3.1.10 (3.1.10)
\pgf@max=\dimen256
\pgf@sys@shading@range@num=\count331
\pgf@shadingcount=\count332
)
("/Library/Application Support/MiKTeX/texmfs/install/tex/generic/pgf/basiclayer
/pgfcoreimage.code.tex"
File: pgfcoreimage.code.tex 2023-01-15 v3.1.10 (3.1.10)
)
("/Library/Application Support/MiKTeX/texmfs/install/tex/generic/pgf/basiclayer
/pgfcoreexternal.code.tex"
File: pgfcoreexternal.code.tex 2023-01-15 v3.1.10 (3.1.10)
\pgfexternal@startupbox=\box68
)
("/Library/Application Support/MiKTeX/texmfs/install/tex/generic/pgf/basiclayer
/pgfcorelayers.code.tex"
File: pgfcorelayers.code.tex 2023-01-15 v3.1.10 (3.1.10)
)
("/Library/Application Support/MiKTeX/texmfs/install/tex/generic/pgf/basiclayer
/pgfcoretransparency.code.tex"
File: pgfcoretransparency.code.tex 2023-01-15 v3.1.10 (3.1.10)
)
("/Library/Application Support/MiKTeX/texmfs/install/tex/generic/pgf/basiclayer
/pgfcorepatterns.code.tex"
File: pgfcorepatterns.code.tex 2023-01-15 v3.1.10 (3.1.10)
)
("/Library/Application Support/MiKTeX/texmfs/install/tex/generic/pgf/basiclayer
/pgfcorerdf.code.tex"
File: pgfcorerdf.code.tex 2023-01-15 v3.1.10 (3.1.10)
)))
("/Library/Application Support/MiKTeX/texmfs/install/tex/generic/pgf/modules/pg
fmoduleshapes.code.tex"
File: pgfmoduleshapes.code.tex 2023-01-15 v3.1.10 (3.1.10)
\pgfnodeparttextbox=\box69
)
("/Library/Application Support/MiKTeX/texmfs/install/tex/generic/pgf/modules/pg
fmoduleplot.code.tex"
File: pgfmoduleplot.code.tex 2023-01-15 v3.1.10 (3.1.10)
)
("/Library/Application Support/MiKTeX/texmfs/install/tex/latex/pgf/compatibilit
y/pgfcomp-version-0-65.sty"
Package: pgfcomp-version-0-65 2023-01-15 v3.1.10 (3.1.10)
\pgf@nodesepstart=\dimen257
\pgf@nodesepend=\dimen258
)
("/Library/Application Support/MiKTeX/texmfs/install/tex/latex/pgf/compatibilit
y/pgfcomp-version-1-18.sty"
Package: pgfcomp-version-1-18 2023-01-15 v3.1.10 (3.1.10)
))
("/Library/Application Support/MiKTeX/texmfs/install/tex/latex/tools/verbatim.s
ty"
Package: verbatim 2023-11-06 v1.5v LaTeX2e package for verbatim enhancements
\every@verbatim=\toks35
\verbatim@line=\toks36
\verbatim@in@stream=\read5
)
("/Library/Application Support/MiKTeX/texmfs/install/tex/latex/environ/environ.
sty"
Package: environ 2014/05/04 v0.3 A new way to define environments

("/Library/Application Support/MiKTeX/texmfs/install/tex/latex/trimspaces/trims
paces.sty"
Package: trimspaces 2009/09/17 v1.1 Trim spaces around a token list
)
\@envbody=\toks37
)
\tcb@titlebox=\box70
\tcb@upperbox=\box71
\tcb@lowerbox=\box72
\tcb@phantombox=\box73
\c@tcbbreakpart=\count333
\c@tcblayer=\count334
\c@tcolorbox@number=\count335
\l__tcobox_tmpa_box=\box74
\l__tcobox_tmpa_dim=\dimen259
\tcb@temp=\box75
\tcb@temp=\box76
\tcb@temp=\box77
\tcb@temp=\box78
)
("/Library/Application Support/MiKTeX/texmfs/install/tex/latex/csquotes/csquote
s.sty"
Package: csquotes 2024-04-04 v5.2o context-sensitive quotations (JAW)
\csq@reset=\count336
\csq@gtype=\count337
\csq@glevel=\count338
\csq@qlevel=\count339
\csq@maxlvl=\count340
\csq@tshold=\count341
\csq@ltx@everypar=\toks38

("/Library/Application Support/MiKTeX/texmfs/install/tex/latex/csquotes/csquote
s.def"
File: csquotes.def 2024-04-04 v5.2o csquotes generic definitions (JAW)
)
Package csquotes Info: Trying to load configuration file 'csquotes.cfg'...
Package csquotes Info: ... configuration file loaded successfully.

("/Library/Application Support/MiKTeX/texmfs/install/tex/latex/csquotes/csquote
s.cfg"
File: csquotes.cfg 
))
("/Library/Application Support/MiKTeX/texmfs/install/tex/latex/setspace/setspac
e.sty"
Package: setspace 2022/12/04 v6.7b set line spacing
)
("/Library/Application Support/MiKTeX/texmfs/install/tex/latex/cleveref/clevere
f.sty"
Package: cleveref 2018/03/27 v0.21.4 Intelligent cross-referencing
Package cleveref Info: `hyperref' support loaded on input line 2370.
LaTeX Info: Redefining \cref on input line 2370.
LaTeX Info: Redefining \Cref on input line 2370.
LaTeX Info: Redefining \crefrange on input line 2370.
LaTeX Info: Redefining \Crefrange on input line 2370.
LaTeX Info: Redefining \cpageref on input line 2370.
LaTeX Info: Redefining \Cpageref on input line 2370.
LaTeX Info: Redefining \cpagerefrange on input line 2370.
LaTeX Info: Redefining \Cpagerefrange on input line 2370.
LaTeX Info: Redefining \labelcref on input line 2370.
LaTeX Info: Redefining \labelcpageref on input line 2370.
)
("/Library/Application Support/MiKTeX/texmfs/install/tex/latex/listings/listing
s.sty"
\lst@mode=\count342
\lst@gtempboxa=\box79
\lst@token=\toks39
\lst@length=\count343
\lst@currlwidth=\dimen260
\lst@column=\count344
\lst@pos=\count345
\lst@lostspace=\dimen261
\lst@width=\dimen262
\lst@newlines=\count346
\lst@lineno=\count347
\lst@maxwidth=\dimen263

("/Library/Application Support/MiKTeX/texmfs/install/tex/latex/listings/lstpatc
h.sty"
File: lstpatch.sty 2024/03/11 1.10a (Carsten Heinz)
)
("/Library/Application Support/MiKTeX/texmfs/install/tex/latex/listings/lstmisc
.sty"
File: lstmisc.sty 2024/03/11 1.10a (Carsten Heinz)
\c@lstnumber=\count348
\lst@skipnumbers=\count349
\lst@framebox=\box80
)
("/Library/Application Support/MiKTeX/texmfs/install/tex/latex/listings/listing
s.cfg"
File: listings.cfg 2024/03/11 1.10a listings configuration
))
Package: listings 2024/03/11 1.10a (Carsten Heinz)

("/Library/Application Support/MiKTeX/texmfs/install/tex/latex/tools/longtable.
sty"
Package: longtable 2023-11-01 v4.19 Multi-page Table package (DPC)
\LTleft=\skip68
\LTright=\skip69
\LTpre=\skip70
\LTpost=\skip71
\LTchunksize=\count350
\LTcapwidth=\dimen264
\LT@head=\box81
\LT@firsthead=\box82
\LT@foot=\box83
\LT@lastfoot=\box84
\LT@gbox=\box85
\LT@cols=\count351
\LT@rows=\count352
\c@LT@tables=\count353
\c@LT@chunks=\count354
\LT@p@ftn=\toks40
)
Class scrbook Info: longtable captions redefined on input line 21.

("/Library/Application Support/MiKTeX/texmfs/install/tex/latex/enumitem/enumite
m.sty"
Package: enumitem 2019/06/20 v3.9 Customized lists
\labelindent=\skip72
\enit@outerparindent=\dimen265
\enit@toks=\toks41
\enit@inbox=\box86
\enit@count@id=\count355
\enitdp@description=\count356
)
("/Library/Application Support/MiKTeX/texmfs/install/tex/latex/tools/tabularx.s
ty"
Package: tabularx 2023/07/08 v2.11c `tabularx' package (DPC)

("/Library/Application Support/MiKTeX/texmfs/install/tex/latex/tools/array.sty"
Package: array 2023/10/16 v2.5g Tabular extension package (FMi)
\col@sep=\dimen266
\ar@mcellbox=\box87
\extrarowheight=\dimen267
\NC@list=\toks42
\extratabsurround=\skip73
\backup@length=\skip74
\ar@cellbox=\box88
)
\TX@col@width=\dimen268
\TX@old@table=\dimen269
\TX@old@col=\dimen270
\TX@target=\dimen271
\TX@delta=\dimen272
\TX@cols=\count357
\TX@ftn=\toks43
)
runsystem(command -v pygmentize && touch projektdokumentation.aex)...executed.
runsystem(rm projektdokumentation.aex)...executed.
Package csquotes Info: Checking for multilingual support...
Package csquotes Info: ... found 'polyglossia' package.
Package csquotes Info: Adjusting default style.
Package csquotes Info: Redefining alias 'default' -> 'ngerman'.
 (./projektdokumentation.aux)
\openout1 = projektdokumentation.aux

LaTeX Font Info:    Checking defaults for OML/cmm/m/it on input line 72.
LaTeX Font Info:    ... okay on input line 72.
LaTeX Font Info:    Checking defaults for OMS/cmsy/m/n on input line 72.
LaTeX Font Info:    ... okay on input line 72.
LaTeX Font Info:    Checking defaults for OT1/cmr/m/n on input line 72.
LaTeX Font Info:    ... okay on input line 72.
LaTeX Font Info:    Checking defaults for T1/cmr/m/n on input line 72.
LaTeX Font Info:    ... okay on input line 72.
LaTeX Font Info:    Checking defaults for TS1/cmr/m/n on input line 72.
LaTeX Font Info:    Trying to load font information for TS1+cmr on input line 7
2.

("/Library/Application Support/MiKTeX/texmfs/install/tex/latex/base/ts1cmr.fd"
File: ts1cmr.fd 2023/04/13 v2.5m Standard LaTeX font definitions
)
LaTeX Font Info:    ... okay on input line 72.
LaTeX Font Info:    Checking defaults for TU/lmr/m/n on input line 72.
LaTeX Font Info:    ... okay on input line 72.
LaTeX Font Info:    Checking defaults for OMX/cmex/m/n on input line 72.
LaTeX Font Info:    ... okay on input line 72.
LaTeX Font Info:    Checking defaults for U/cmr/m/n on input line 72.
LaTeX Font Info:    ... okay on input line 72.
LaTeX Font Info:    Checking defaults for PD1/pdf/m/n on input line 72.
LaTeX Font Info:    ... okay on input line 72.
LaTeX Font Info:    Checking defaults for PU/pdf/m/n on input line 72.
LaTeX Font Info:    ... okay on input line 72.
Package scrbase Info: activating german \partname on input line 72.
Package scrbase Info: activating german \chaptername on input line 72.
Package scrbase Info: activating german \appendixname on input line 72.
Package scrbase Info: activating german \figurename on input line 72.
Package scrbase Info: activating german \tablename on input line 72.
Package scrbase Info: activating german \contentsname on input line 72.
Package scrbase Info: activating german \listfigurename on input line 72.
Package scrbase Info: activating german \listtablename on input line 72.
Package scrbase Info: activating german \bibname on input line 72.
Package scrbase Info: activating german \indexname on input line 72.

("/Library/Application Support/MiKTeX/texmfs/install/tex/context/base/mkii/supp
-pdf.mkii"
[Loading MPS to PDF converter (version 2006.09.02).]
\scratchcounter=\count358
\scratchdimen=\dimen273
\scratchbox=\box89
\nofMPsegments=\count359
\nofMParguments=\count360
\everyMPshowfont=\toks44
\MPscratchCnt=\count361
\MPscratchDim=\dimen274
\MPnumerator=\count362
\makeMPintoPDFobject=\count363
\everyMPtoPDFconversion=\toks45
)
("/Library/Application Support/MiKTeX/texmfs/install/tex/latex/epstopdf-pkg/eps
topdf-base.sty"
Package: epstopdf-base 2020-01-24 v2.11 Base part for package epstopdf
Package epstopdf-base Info: Redefining graphics rule for `.eps' on input line 4
85.

("/Library/Application Support/MiKTeX/texmfs/install/tex/latex/00miktex/epstopd
f-sys.cfg"
File: epstopdf-sys.cfg 2021/03/18 v2.0 Configuration of epstopdf for MiKTeX
))

Package fontspec Info: Adjusting the maths setup (use [no-math] to avoid
(fontspec)             this).

\symlegacymaths=\mathgroup4
LaTeX Font Info:    Overwriting symbol font `legacymaths' in version `bold'
(Font)                  OT1/cmr/m/n --> OT1/cmr/bx/n on input line 72.
LaTeX Font Info:    Redeclaring math accent \acute on input line 72.
LaTeX Font Info:    Redeclaring math accent \grave on input line 72.
LaTeX Font Info:    Redeclaring math accent \ddot on input line 72.
LaTeX Font Info:    Redeclaring math accent \tilde on input line 72.
LaTeX Font Info:    Redeclaring math accent \bar on input line 72.
LaTeX Font Info:    Redeclaring math accent \breve on input line 72.
LaTeX Font Info:    Redeclaring math accent \check on input line 72.
LaTeX Font Info:    Redeclaring math accent \hat on input line 72.
LaTeX Font Info:    Redeclaring math accent \dot on input line 72.
LaTeX Font Info:    Redeclaring math accent \mathring on input line 72.
LaTeX Font Info:    Redeclaring math symbol \colon on input line 72.
LaTeX Font Info:    Redeclaring math symbol \Gamma on input line 72.
LaTeX Font Info:    Redeclaring math symbol \Delta on input line 72.
LaTeX Font Info:    Redeclaring math symbol \Theta on input line 72.
LaTeX Font Info:    Redeclaring math symbol \Lambda on input line 72.
LaTeX Font Info:    Redeclaring math symbol \Xi on input line 72.
LaTeX Font Info:    Redeclaring math symbol \Pi on input line 72.
LaTeX Font Info:    Redeclaring math symbol \Sigma on input line 72.
LaTeX Font Info:    Redeclaring math symbol \Upsilon on input line 72.
LaTeX Font Info:    Redeclaring math symbol \Phi on input line 72.
LaTeX Font Info:    Redeclaring math symbol \Psi on input line 72.
LaTeX Font Info:    Redeclaring math symbol \Omega on input line 72.
LaTeX Font Info:    Redeclaring math symbol \mathdollar on input line 72.
LaTeX Font Info:    Redeclaring symbol font `operators' on input line 72.
LaTeX Font Info:    Encoding `OT1' has changed to `TU' for symbol font
(Font)              `operators' in the math version `normal' on input line 72.
LaTeX Font Info:    Overwriting symbol font `operators' in version `normal'
(Font)                  OT1/cmr/m/n --> TU/xcharter(0)/m/n on input line 72.
LaTeX Font Info:    Encoding `OT1' has changed to `TU' for symbol font
(Font)              `operators' in the math version `bold' on input line 72.
LaTeX Font Info:    Overwriting symbol font `operators' in version `bold'
(Font)                  OT1/cmr/bx/n --> TU/xcharter(0)/m/n on input line 72.
LaTeX Font Info:    Overwriting symbol font `operators' in version `normal'
(Font)                  TU/xcharter(0)/m/n --> TU/xcharter(0)/m/n on input line
 72.
LaTeX Font Info:    Overwriting math alphabet `\mathit' in version `normal'
(Font)                  OT1/cmr/m/it --> TU/xcharter(0)/m/it on input line 72.
LaTeX Font Info:    Overwriting math alphabet `\mathbf' in version `normal'
(Font)                  OT1/cmr/bx/n --> TU/xcharter(0)/b/n on input line 72.
LaTeX Font Info:    Overwriting math alphabet `\mathsf' in version `normal'
(Font)                  OT1/cmss/m/n --> TU/lmss/m/n on input line 72.
LaTeX Font Info:    Overwriting math alphabet `\mathtt' in version `normal'
(Font)                  OT1/cmtt/m/n --> TU/lmtt/m/n on input line 72.
LaTeX Font Info:    Overwriting symbol font `operators' in version `bold'
(Font)                  TU/xcharter(0)/m/n --> TU/xcharter(0)/b/n on input line
 72.
LaTeX Font Info:    Overwriting math alphabet `\mathit' in version `bold'
(Font)                  OT1/cmr/bx/it --> TU/xcharter(0)/b/it on input line 72.

LaTeX Font Info:    Overwriting math alphabet `\mathsf' in version `bold'
(Font)                  OT1/cmss/bx/n --> TU/lmss/b/n on input line 72.
LaTeX Font Info:    Overwriting math alphabet `\mathtt' in version `bold'
(Font)                  OT1/cmtt/m/n --> TU/lmtt/b/n on input line 72.
Package hyperref Info: Link coloring OFF on input line 72.
 (./projektdokumentation.out) (./projektdokumentation.out)
\@outlinefile=\write6

\openout6 = projektdokumentation.out
Class scrbook Info: loading recommended package `bookmark'.
(scrbook)           Using `bookmark' together with `hyperref' is recommended,
(scrbook)           because of handling of possible bookmark level gaps.
(scrbook)           You can avoid loading `bookmark' with KOMA-Script option
(scrbook)           `bookmarkpackage=false' before \begin{document} and
(scrbook)           you can avoid this message adding:
(scrbook)             \usepackage{bookmark}
(scrbook)           before \begin{document} on input line 72.

("/Library/Application Support/MiKTeX/texmfs/install/tex/latex/bookmark/bookmar
k.sty"
Package: bookmark 2023-12-10 v1.31 PDF bookmarks (HO)

("/Library/Application Support/MiKTeX/texmfs/install/tex/latex/bookmark/bkm-pdf
tex.def"
File: bkm-pdftex.def 2023-12-10 v1.31 bookmark driver for pdfTeX and luaTeX (HO
)
\BKM@id=\count364
))
\c@lstlisting=\count365
Package tocbasic Info: setting babel extension for `lol' on input line 72.
\scr@dte@lstlisting@maxnumwidth=\skip75
LaTeX Info: Redefining \rmfamily on input line 72.
LaTeX Info: Redefining \sffamily on input line 72.
LaTeX Info: Redefining \ttfamily on input line 72.
Module polyglossia Info: Language data for ngerman
(polyglossia)            lefthyphenmin	2
(polyglossia)            hyphenation	
(polyglossia)            righthyphenmin	2
(polyglossia)            loader	loadhyph-de-1996.tex
(polyglossia)            patterns	hyph-de-1996.pat.txt
(polyglossia)            synonyms	 on input line 72
Module polyglossia Info: Language ngerman was not yet loaded; created with id 3 
on input line 72
<Media/dhbwlogo.png, id=6, 316.18124pt x 160.6pt>
File: Media/dhbwlogo.png Graphic file (type png)
<use Media/dhbwlogo.png>
Package luatex.def Info: Media/dhbwlogo.png  used on input line 78.
(luatex.def)             Requested size: 224.06548pt x 113.81358pt.
 [1



{/Users/steffenspatzek/Library/Application Support/MiKTeX/texmfs/data/fonts/map/
pdftex/pdftex.map}<./Media/dhbwlogo.png>]
LaTeX Font Info:    External font `cmex10' loaded for size
(Font)              <12> on input line 108.
LaTeX Font Info:    External font `cmex10' loaded for size
(Font)              <8> on input line 108.
LaTeX Font Info:    External font `cmex10' loaded for size
(Font)              <6> on input line 108.
<out/Organigramm B2B-Webshop.png, id=16, 1235.61626pt x 1361.085pt>
File: out/Organigramm B2B-Webshop.png Graphic file (type png)
<use out/Organigramm B2B-Webshop.png>
Package luatex.def Info: out/Organigramm B2B-Webshop.png  used on input line 13
7.
(luatex.def)             Requested size: 179.24963pt x 197.44572pt.
LaTeX Font Info:    Font shape `TU/xcharter(0)/m/sl' in size <12> not available

(Font)              Font shape `TU/xcharter(0)/m/it' tried instead on input lin
e 163.
 [2] [3<./out/Organigramm B2B-Webshop.png>] (./projektdokumentation.toc
LaTeX Info: Redefining \rmfamily on input line 1.
LaTeX Info: Redefining \sffamily on input line 1.
LaTeX Info: Redefining \ttfamily on input line 1.
LaTeX Font Info:    Font shape `TU/xcharter(0)/bx/n' in size <12> not available

(Font)              Font shape `TU/xcharter(0)/b/n' tried instead on input line
 5.
 [4


]

Package tocbasic Warning: number width of section toc entries should be increas
ed!
(tocbasic)                Currently used number width = 30.02399pt,
(tocbasic)                Wanted number separation    = 4.79993pt,
(tocbasic)                Reserved number width       = 27.60004pt on input lin
e 48.


Overfull \hbox (2.42395pt too wide) detected at line 48
\TU/xcharter(0)/m/n/12 13.10 
 []


Package tocbasic Warning: number width of section toc entries should be increas
ed!
(tocbasic)                Currently used number width = 30.02399pt,
(tocbasic)                Wanted number separation    = 4.79993pt,
(tocbasic)                Reserved number width       = 27.60004pt on input lin
e 49.


Overfull \hbox (2.42395pt too wide) detected at line 49
\TU/xcharter(0)/m/n/12 13.11 
 []

)
\tf@toc=\write7

\openout7 = projektdokumentation.toc
 [5]
chapter 1.

Class scrbook Warning: \float@addtolists detected!
(scrbook)              Implementation of \float@addtolist became
(scrbook)              deprecated in KOMA-Script v3.01 2008/11/14 and
(scrbook)              has been replaced by several more flexible
(scrbook)              features of package `tocbasic`.
(scrbook)              Since Version 3.12 support for deprecated
(scrbook)              \float@addtolist interface has been
(scrbook)              restricted to only some of the KOMA-Script
(scrbook)              features and been removed from others.
(scrbook)              Loading of package `scrhack' may help to
(scrbook)              avoid this warning, if you are using a
(scrbook)              a package that still implements the
(scrbook)              deprecated \float@addtolist interface.

<Media/Hot Hardware Hub Logo.png, id=157, 1027.84pt x 1027.84pt>
File: Media/Hot Hardware Hub Logo.png Graphic file (type png)
<use Media/Hot Hardware Hub Logo.png>
Package luatex.def Info: Media/Hot Hardware Hub Logo.png  used on input line 16
9.
(luatex.def)             Requested size: 224.06548pt x 224.05527pt.
[6


<./Media/Hot Hardware Hub Logo.png>] [7]
Overfull \hbox (5.241pt too wide) in paragraph at lines 215--216
[]\TU/xcharter(0)/m/n/12 Dem Kun-den ms-sen gn-gi-ge Zah-lungs-me-tho-den ve
r-fg-bar ge-macht wer-den (z. B.
 []

[8] [9] [10] [11]
chapter 2.
[12


]
chapter 3.
<project_models_diagrams/use_case_diagramm.png, id=198, 1155.31625pt x 821.0675
pt>
File: project_models_diagrams/use_case_diagramm.png Graphic file (type png)
<use project_models_diagrams/use_case_diagramm.png>
Package luatex.def Info: project_models_diagrams/use_case_diagramm.png  used on
 input line 334.
(luatex.def)             Requested size: 448.13095pt x 318.47359pt.
[13


<./project_models_diagrams/use_case_diagramm.png>]
chapter 4.
[14


]
Overfull \hbox (65.45251pt too wide) in paragraph at lines 388--389
[]\TU/xcharter(0)/m/n/12 Sie-he Kap 4 - []$\TU/lmtt/m/n/12 https://www.ibr.cs.tu
-[]bs.de/courses/ss07/sep-[]cm/templates/pflichtenheft.
 []

[15]
chapter 5.

Overfull \hbox (12.61697pt too wide) in paragraph at lines 400--401
[]\TU/xcharter(0)/b/n/12 Kur-ze Be-schrei-bung: \TU/xcharter(0)/m/n/12 Pr-gnan
-te An-ga-be des Pro-dukts (z. B. \TU/xcharter(0)/m/it/12 Hoch-wer-ti-ger Busine
ss-
 []

[16


] [17]
chapter 6.
[18


]
Overfull \hbox (33.761pt too wide) in paragraph at lines 460--465
\TU/xcharter(0)/m/n/12 Web-shop muss Rck-ga-be-op-tio-nen, Ga-ran-tie-be-din-g
un-gen und Service-Level-Agreements
 []

[19]
chapter 7.

Overfull \hbox (4.00789pt too wide) in paragraph at lines 478--480
\TU/xcharter(0)/m/it/12 Uvicorn\TU/xcharter(0)/m/n/12 -Server be-reit-ge-stellt.
 Djan-go stellt die REST-API be-reit, ber die das Front-
 []

[20


]
<project_models_diagrams/system_architecture.png, id=268, 1450.41875pt x 764.85
75pt>
File: project_models_diagrams/system_architecture.png Graphic file (type png)
<use project_models_diagrams/system_architecture.png>
Package luatex.def Info: project_models_diagrams/system_architecture.png  used 
on input line 496.
(luatex.def)             Requested size: 448.13095pt x 236.30975pt.
 [21] [22<./project_models_diagrams/system_architecture.png>]
chapter 8.
[23


]
chapter 9.

Overfull \hbox (50.753pt too wide) in alignment at lines 510--526
 [][][][] 
 []

[24


] [25]
chapter 10.
[26


] [27] [28]
chapter 11.
[29


]
chapter 12.
[30


]
chapter 13.
[31


]
Underfull \hbox (badness 4556) in paragraph at lines 695--695
[]|$\OMS/cmsy/m/n/12 $ \TU/xcharter(0)/m/n/12 Kon-ti-nu-ier-li-che Pfle-ge, Op-
ti-mie-rung
 []


Underfull \hbox (badness 3758) in paragraph at lines 713--713
\TU/xcharter(0)/m/n/12 gen-de Nut-zungs-an-for-de-run-gen re-agie-
 []

[32] [33] [34] [35]
chapter 14.
[36


] [37] [38] [39]
Overfull \hbox (3.34105pt too wide) in paragraph at lines 868--869
\TU/xcharter(0)/m/n/12 Die-se Rol-len-ver-tei-lung ge-whr-leis-tet, dass al-le
 re-le-van-ten Aspek-te des Webshop-Projekts
 []

[40] [41] (./projektdokumentation.aux)
 ***********
LaTeX2e <2023-11-01> patch level 1
L3 programming layer <2024-03-14>
 ***********
Package rerunfilecheck Info: File `projektdokumentation.out' has not changed.
(rerunfilecheck)             Checksum: D41D8CD98F00B204E9800998ECF8427E;0.
)

Here is how much of LuaTeX's memory you used:
 33610 strings out of 476444
 156270,1977958 words of node,token memory allocated
 513 words of node memory still in use:
   3 hlist, 1 vlist, 1 rule, 2 glue, 3 kern, 1 glyph, 6 attribute, 66 glue_spec,
 6 attribute_list, 2 write, 1 pdf_action nodes
   avail lists: 1:3,2:2101,3:440,4:2636,5:2748,6:96,7:6547,8:81,9:6906,10:15,11:
778
 54803 multiletter control sequences out of 65536+600000
 55 fonts using 10914767 bytes
 108i,11n,102p,10935b,823s stack positions out of 10000i,1000n,20000p,200000b,200000s
</Library/Application Support/MiKTeX/texmfs/install/fonts/opentype/public/lm/lmm
ono10-regular.otf></Library/Application Support/MiKTeX/texmfs/install/fonts/open
type/public/lm/lmmono12-regular.otf></Library/Application Support/MiKTeX/texmfs/
install/fonts/opentype/public/xcharter/XCharter-Slanted.otf></Library/Applicatio
n Support/MiKTeX/texmfs/install/fonts/opentype/public/lm/lmsans10-bold.otf></Lib
rary/Application Support/MiKTeX/texmfs/install/fonts/opentype/public/xcharter/XC
harter-Bold.otf></Library/Application Support/MiKTeX/texmfs/install/fonts/openty
pe/public/xcharter/XCharter-Roman.otf></Library/Application Support/MiKTeX/texmf
s/install/fonts/type1/public/amsfonts/cm/cmsy10.pfb>
Output written on projektdokumentation.pdf (41 pages, 2044746 bytes).

PDF statistics: 659 PDF objects out of 1000 (max. 8388607)
 209 named destinations out of 1000 (max. 131072)
 480 words of extra memory for PDF output out of 10000 (max. 100000000)

